<?xml version="1.0" encoding="UTF-8"?>
<!-- Generated by org.testng.reporters.JUnitReportReporter -->
<testsuite hostname="Kirans-MacBook-Air.local" failures="0" tests="1" name="com.inetBanking.testCases.TC_LoginTest_001" time="2.366" errors="0" timestamp="2025-06-27T17:33:01 IST" skipped="0">
  <testcase classname="com.inetBanking.testCases.TC_LoginTest_001" name="loginTest" time="2.366"/>
</testsuite> <!-- com.inetBanking.testCases.TC_LoginTest_001 -->
